<?xml version="1.0" encoding="UTF-8"?>
<!-- Generated by org.testng.reporters.JUnitXMLReporter -->
<testsuite hostname="admin-PC" ignored="12" name="Test1" tests="4" failures="0" timestamp="26 Sep 2020 08:02:18 GMT" time="0.02" errors="0">
  <testcase name="PersonalLoanICICI" time="0.002" classname="IncludeExcludeConcept.ClassPersonal"/>
  <testcase name="HomeLoanICICI" time="0.002" classname="IncludeExcludeConcept.ClassHome"/>
  <testcase name="GoldLoanAxis" time="0.002" classname="IncludeExcludeConcept.ClassGold"/>
  <testcase name="VehicleLoanICICI" time="0.001" classname="IncludeExcludeConcept.ClassVehicle"/>
  <testcase name="GoldLoanPunjab" time="0.0" classname="IncludeExcludeConcept.ClassGold">
    <ignored/>
  </testcase> <!-- GoldLoanPunjab -->
  <testcase name="VehicleLoanHDFC" time="0.0" classname="IncludeExcludeConcept.ClassVehicle">
    <ignored/>
  </testcase> <!-- VehicleLoanHDFC -->
  <testcase name="PersonalLoanHDFC" time="0.0" classname="IncludeExcludeConcept.ClassPersonal">
    <ignored/>
  </testcase> <!-- PersonalLoanHDFC -->
  <testcase name="HomeLoanHDFC" time="0.0" classname="IncludeExcludeConcept.ClassHome">
    <ignored/>
  </testcase> <!-- HomeLoanHDFC -->
  <testcase name="VehicleLoanPunjab" time="0.0" classname="IncludeExcludeConcept.ClassVehicle">
    <ignored/>
  </testcase> <!-- VehicleLoanPunjab -->
  <testcase name="GoldLoanHDFC" time="0.0" classname="IncludeExcludeConcept.ClassGold">
    <ignored/>
  </testcase> <!-- GoldLoanHDFC -->
  <testcase name="HomeLoanPunjab" time="0.0" classname="IncludeExcludeConcept.ClassHome">
    <ignored/>
  </testcase> <!-- HomeLoanPunjab -->
  <testcase name="VehicleLoanAxis" time="0.0" classname="IncludeExcludeConcept.ClassVehicle">
    <ignored/>
  </testcase> <!-- VehicleLoanAxis -->
  <testcase name="PersonalLoanPunjab" time="0.0" classname="IncludeExcludeConcept.ClassPersonal">
    <ignored/>
  </testcase> <!-- PersonalLoanPunjab -->
  <testcase name="HomeLoanAxis" time="0.0" classname="IncludeExcludeConcept.ClassHome">
    <ignored/>
  </testcase> <!-- HomeLoanAxis -->
  <testcase name="GoldLoanICICI" time="0.0" classname="IncludeExcludeConcept.ClassGold">
    <ignored/>
  </testcase> <!-- GoldLoanICICI -->
  <testcase name="PersonalLoanAxis" time="0.0" classname="IncludeExcludeConcept.ClassPersonal">
    <ignored/>
  </testcase> <!-- PersonalLoanAxis -->
</testsuite> <!-- Test1 -->
