<?xml version="1.0" encoding="UTF-8"?>
<testng-results skipped="0" failed="0" ignored="0" total="1" passed="1">
  <reporter-output>
  </reporter-output>
  <suite name="Default suite" duration-ms="38" started-at="2020-10-05T15:40:22Z" finished-at="2020-10-05T15:40:22Z">
    <groups>
    </groups>
    <test name="Default test" duration-ms="38" started-at="2020-10-05T15:40:22Z" finished-at="2020-10-05T15:40:22Z">
      <class name="IncludeExcludeConcept.Trial">
        <test-method status="PASS" signature="BeforeTest()[pri:0, instance:IncludeExcludeConcept.Trial@1a38c59b]" name="BeforeTest" is-config="true" duration-ms="17" started-at="2020-10-05T21:10:22Z" finished-at="2020-10-05T21:10:22Z">
          <reporter-output>
          </reporter-output>
        </test-method> <!-- BeforeTest -->
        <test-method status="PASS" signature="Test()[pri:0, instance:IncludeExcludeConcept.Trial@1a38c59b]" name="Test" duration-ms="6" started-at="2020-10-05T21:10:22Z" finished-at="2020-10-05T21:10:22Z">
          <reporter-output>
          </reporter-output>
        </test-method> <!-- Test -->
      </class> <!-- IncludeExcludeConcept.Trial -->
    </test> <!-- Default test -->
  </suite> <!-- Default suite -->
</testng-results>
